<?xml version="1.0" encoding="UTF-8"?>
<!-- Generated by org.testng.reporters.JUnitReportReporter -->
<testsuite hostname="Mohammads-MacBook-Air.local" failures="0" tests="1" name="tests.RegisterUserExistingEmail" time="7.124" errors="0" timestamp="2025-03-15T15:48:18 GMT" skipped="0">
  <testcase classname="tests.RegisterUserExistingEmail" name="existingEmailRegister" time="7.124"/>
  <system-out/>
</testsuite> <!-- tests.RegisterUserExistingEmail -->
