<?xml version="1.0" encoding="UTF-8"?>
<!-- Generated by org.testng.reporters.JUnitReportReporter -->
<testsuite hostname="Mohammads-MacBook-Air.local" failures="0" tests="1" name="tests.AddProductsCart" time="9.860" errors="0" timestamp="2025-03-17T17:18:35 GMT" skipped="0">
  <testcase classname="tests.AddProductsCart" name="addToCart" time="9.860"/>
</testsuite> <!-- tests.AddProductsCart -->
