<?xml version="1.0" encoding="UTF-8"?>
<!-- Generated by org.testng.reporters.JUnitReportReporter -->
<testsuite hostname="Mohammads-MacBook-Air.local" failures="0" tests="1" name="tests.AddProductsCart" time="12.443" errors="0" timestamp="2025-03-18T13:46:54 GMT" skipped="0">
  <testcase classname="tests.AddProductsCart" name="addToCart" time="12.443"/>
  <system-out/>
</testsuite> <!-- tests.AddProductsCart -->
