<?xml version="1.0" encoding="UTF-8"?>
<!-- Generated by org.testng.reporters.JUnitReportReporter -->
<testsuite hostname="Mohammads-MacBook-Air.local" failures="0" tests="3" name="runner.Runner" time="27.412" errors="0" timestamp="2025-03-20T13:59:11 GMT" skipped="0">
  <testcase classname="runner.Runner" name="runScenario" time="7.860"/>
  <testcase classname="runner.Runner" name="runScenario" time="7.940"/>
  <testcase classname="runner.Runner" name="runScenario" time="11.612"/>
</testsuite> <!-- runner.Runner -->
