<?xml version="1.0" encoding="UTF-8"?>
<!-- Generated by org.testng.reporters.JUnitReportReporter -->
<testsuite hostname="Mohammads-MacBook-Air.local" failures="0" tests="1" name="tests.LogoutUser" time="11.330" errors="0" timestamp="2025-03-18T13:46:54 GMT" skipped="0">
  <testcase classname="tests.LogoutUser" name="logout" time="11.330"/>
  <system-out/>
</testsuite> <!-- tests.LogoutUser -->
