<?xml version="1.0" encoding="UTF-8"?>
<!-- Generated by org.testng.reporters.JUnitReportReporter -->
<testsuite hostname="Mohammads-MacBook-Air.local" failures="0" tests="1" name="tests.LogoutUser" time="9.428" errors="0" timestamp="2025-03-17T09:22:43 GMT" skipped="0">
  <testcase classname="tests.LogoutUser" name="logout" time="9.428"/>
</testsuite> <!-- tests.LogoutUser -->
