<?xml version="1.0" encoding="UTF-8"?>
<!-- Generated by org.testng.reporters.JUnitReportReporter -->
<testsuite hostname="Mohammads-MacBook-Air.local" failures="0" tests="1" name="tests.RegisterUserExistingEmail" time="9.555" errors="0" timestamp="2025-03-17T09:07:48 GMT" skipped="0">
  <testcase classname="tests.RegisterUserExistingEmail" name="existingEmailRegister" time="9.555"/>
  <system-out/>
</testsuite> <!-- tests.RegisterUserExistingEmail -->
