<?xml version="1.0" encoding="UTF-8"?>
<!-- Generated by org.testng.reporters.JUnitReportReporter -->
<testsuite hostname="Mohammads-MacBook-Air.local" failures="0" tests="2" name="runner.Runner" time="21.739" errors="0" timestamp="2025-03-18T13:41:07 GMT" skipped="0">
  <testcase classname="runner.Runner" name="runScenario" time="10.028"/>
  <system-out/>
  <testcase classname="runner.Runner" name="runScenario" time="11.711"/>
  <system-out/>
</testsuite> <!-- runner.Runner -->
