<?xml version="1.0" encoding="UTF-8"?>
<!-- Generated by org.testng.reporters.JUnitReportReporter -->
<testsuite hostname="Mohammads-MacBook-Air.local" failures="0" tests="1" name="tests.RegisterUser" time="17.154" errors="0" timestamp="2025-03-18T14:18:54 GMT" skipped="0">
  <testcase classname="tests.RegisterUser" name="userRegister" time="17.154"/>
  <system-out/>
</testsuite> <!-- tests.RegisterUser -->
