<?xml version="1.0" encoding="UTF-8"?>
<!-- Generated by org.testng.reporters.JUnitReportReporter -->
<testsuite hostname="Mohammads-MacBook-Air.local" failures="0" tests="1" name="runner.Runner" time="7.789" errors="0" timestamp="2025-03-17T09:03:25 GMT" skipped="0">
  <testcase classname="runner.Runner" name="runScenario" time="7.789"/>
</testsuite> <!-- runner.Runner -->
