<?xml version="1.0" encoding="UTF-8"?>
<!-- Generated by org.testng.reporters.JUnitReportReporter -->
<testsuite hostname="Mohammads-MacBook-Air.local" failures="0" tests="1" name="runner.Runner" time="7.617" errors="0" timestamp="2025-03-16T08:59:29 GMT" skipped="0">
  <testcase classname="runner.Runner" name="runScenario" time="7.617"/>
</testsuite> <!-- runner.Runner -->
